[INFO] 2026-03-02 12:24:59 apps ready:34 - [OK] APScheduler started - sync_itemmaster will run every 15 minutes
[INFO] 2026-03-02 12:25:01 apps ready:34 - [OK] APScheduler started - sync_itemmaster will run every 15 minutes
[INFO] 2026-03-02 12:26:14 apps ready:34 - [OK] APScheduler started - sync_itemmaster will run every 15 minutes
[INFO] 2026-03-02 12:26:16 apps ready:34 - [OK] APScheduler started - sync_itemmaster will run every 15 minutes
[INFO] 2026-03-02 12:32:59 apps ready:34 - [OK] APScheduler started - sync_itemmaster will run every 15 minutes
[INFO] 2026-03-02 12:33:00 apps ready:34 - [OK] APScheduler started - sync_itemmaster will run every 15 minutes
[INFO] 2026-03-02 12:34:39 apps ready:35 - [OK] APScheduler started - sync_itemmaster will run every 15 minutes
[INFO] 2026-03-02 12:34:43 apps ready:35 - [OK] APScheduler started - sync_itemmaster will run every 15 minutes
[INFO] 2026-03-02 12:34:52 apps ready:35 - [OK] APScheduler started - sync_itemmaster will run every 15 minutes
[INFO] 2026-03-02 12:34:54 apps ready:35 - [OK] APScheduler started - sync_itemmaster will run every 15 minutes
[INFO] 2026-03-02 12:35:20 apps ready:35 - [OK] APScheduler started - sync_itemmaster will run every 15 minutes
[INFO] 2026-03-02 12:35:28 apps ready:35 - [OK] APScheduler started - sync_itemmaster will run every 15 minutes
[INFO] 2026-03-02 12:35:30 apps ready:35 - [OK] APScheduler started - sync_itemmaster will run every 15 minutes
[INFO] 2026-03-02 12:36:45 apps ready:35 - [OK] APScheduler started - sync_itemmaster will run every 15 minutes
[INFO] 2026-03-02 12:36:47 apps ready:35 - [OK] APScheduler started - sync_itemmaster will run every 15 minutes
[INFO] 2026-03-02 12:51:45 jobs sync_itemmaster_job:19 - [2026-03-02 07:21:45.677032+00:00] Starting sync_itemmaster job...
[INFO] 2026-03-02 12:51:47 jobs sync_itemmaster_job:19 - [2026-03-02 07:21:47.223776+00:00] Starting sync_itemmaster job...
[ERROR] 2026-03-02 12:51:50 sync_itemmaster handle:90 - ERP connection error during sync: HTTPConnectionPool(host='localhost', port=44000): Max retries exceeded with url: /ws_c2_services_get_master_data (Caused by NewConnectionError("HTTPConnection(host='localhost', port=44000): Failed to establish a new connection: [WinError 10061] No connection could be made because the target machine actively refused it"))
[INFO] 2026-03-02 12:51:50 jobs sync_itemmaster_job:21 - [2026-03-02 07:21:50.040033+00:00] sync_itemmaster job completed successfully
[ERROR] 2026-03-02 12:51:51 sync_itemmaster handle:90 - ERP connection error during sync: HTTPConnectionPool(host='localhost', port=44000): Max retries exceeded with url: /ws_c2_services_get_master_data (Caused by NewConnectionError("HTTPConnection(host='localhost', port=44000): Failed to establish a new connection: [WinError 10061] No connection could be made because the target machine actively refused it"))
[INFO] 2026-03-02 12:51:51 jobs sync_itemmaster_job:21 - [2026-03-02 07:21:51.434258+00:00] sync_itemmaster job completed successfully
[INFO] 2026-03-02 13:51:45 jobs sync_itemmaster_job:19 - [2026-03-02 08:21:45.612444+00:00] Starting sync_itemmaster job...
[INFO] 2026-03-02 13:51:47 jobs sync_itemmaster_job:19 - [2026-03-02 08:21:47.117084+00:00] Starting sync_itemmaster job...
[ERROR] 2026-03-02 13:51:49 sync_itemmaster handle:90 - ERP connection error during sync: HTTPConnectionPool(host='localhost', port=44000): Max retries exceeded with url: /ws_c2_services_get_master_data (Caused by NewConnectionError("HTTPConnection(host='localhost', port=44000): Failed to establish a new connection: [WinError 10061] No connection could be made because the target machine actively refused it"))
[INFO] 2026-03-02 13:51:49 jobs sync_itemmaster_job:21 - [2026-03-02 08:21:49.768143+00:00] sync_itemmaster job completed successfully
[ERROR] 2026-03-02 13:51:51 sync_itemmaster handle:90 - ERP connection error during sync: HTTPConnectionPool(host='localhost', port=44000): Max retries exceeded with url: /ws_c2_services_get_master_data (Caused by NewConnectionError("HTTPConnection(host='localhost', port=44000): Failed to establish a new connection: [WinError 10061] No connection could be made because the target machine actively refused it"))
[INFO] 2026-03-02 13:51:51 jobs sync_itemmaster_job:21 - [2026-03-02 08:21:51.229409+00:00] sync_itemmaster job completed successfully
[INFO] 2026-03-02 14:06:45 jobs sync_itemmaster_job:19 - [2026-03-02 08:36:45.614186+00:00] Starting sync_itemmaster job...
[INFO] 2026-03-02 14:06:47 jobs sync_itemmaster_job:19 - [2026-03-02 08:36:47.152434+00:00] Starting sync_itemmaster job...
[ERROR] 2026-03-02 14:06:49 sync_itemmaster handle:90 - ERP connection error during sync: HTTPConnectionPool(host='localhost', port=44000): Max retries exceeded with url: /ws_c2_services_get_master_data (Caused by NewConnectionError("HTTPConnection(host='localhost', port=44000): Failed to establish a new connection: [WinError 10061] No connection could be made because the target machine actively refused it"))
[INFO] 2026-03-02 14:06:49 jobs sync_itemmaster_job:21 - [2026-03-02 08:36:49.696242+00:00] sync_itemmaster job completed successfully
[ERROR] 2026-03-02 14:06:51 sync_itemmaster handle:90 - ERP connection error during sync: HTTPConnectionPool(host='localhost', port=44000): Max retries exceeded with url: /ws_c2_services_get_master_data (Caused by NewConnectionError("HTTPConnection(host='localhost', port=44000): Failed to establish a new connection: [WinError 10061] No connection could be made because the target machine actively refused it"))
[INFO] 2026-03-02 14:06:51 jobs sync_itemmaster_job:21 - [2026-03-02 08:36:51.286062+00:00] sync_itemmaster job completed successfully
[INFO] 2026-03-02 14:21:45 jobs sync_itemmaster_job:19 - [2026-03-02 08:51:45.639234+00:00] Starting sync_itemmaster job...
[INFO] 2026-03-02 14:21:47 jobs sync_itemmaster_job:19 - [2026-03-02 08:51:47.123007+00:00] Starting sync_itemmaster job...
[ERROR] 2026-03-02 14:21:49 sync_itemmaster handle:90 - ERP connection error during sync: HTTPConnectionPool(host='localhost', port=44000): Max retries exceeded with url: /ws_c2_services_get_master_data (Caused by NewConnectionError("HTTPConnection(host='localhost', port=44000): Failed to establish a new connection: [WinError 10061] No connection could be made because the target machine actively refused it"))
[INFO] 2026-03-02 14:21:49 jobs sync_itemmaster_job:21 - [2026-03-02 08:51:49.741098+00:00] sync_itemmaster job completed successfully
[ERROR] 2026-03-02 14:21:51 sync_itemmaster handle:90 - ERP connection error during sync: HTTPConnectionPool(host='localhost', port=44000): Max retries exceeded with url: /ws_c2_services_get_master_data (Caused by NewConnectionError("HTTPConnection(host='localhost', port=44000): Failed to establish a new connection: [WinError 10061] No connection could be made because the target machine actively refused it"))
[INFO] 2026-03-02 14:21:51 jobs sync_itemmaster_job:21 - [2026-03-02 08:51:51.214501+00:00] sync_itemmaster job completed successfully
[INFO] 2026-03-02 14:36:45 jobs sync_itemmaster_job:19 - [2026-03-02 09:06:45.617675+00:00] Starting sync_itemmaster job...
[INFO] 2026-03-02 14:36:47 jobs sync_itemmaster_job:19 - [2026-03-02 09:06:47.105299+00:00] Starting sync_itemmaster job...
[ERROR] 2026-03-02 14:36:49 sync_itemmaster handle:90 - ERP connection error during sync: HTTPConnectionPool(host='localhost', port=44000): Max retries exceeded with url: /ws_c2_services_get_master_data (Caused by NewConnectionError("HTTPConnection(host='localhost', port=44000): Failed to establish a new connection: [WinError 10061] No connection could be made because the target machine actively refused it"))
[INFO] 2026-03-02 14:36:49 jobs sync_itemmaster_job:21 - [2026-03-02 09:06:49.759605+00:00] sync_itemmaster job completed successfully
[ERROR] 2026-03-02 14:36:51 sync_itemmaster handle:90 - ERP connection error during sync: HTTPConnectionPool(host='localhost', port=44000): Max retries exceeded with url: /ws_c2_services_get_master_data (Caused by NewConnectionError("HTTPConnection(host='localhost', port=44000): Failed to establish a new connection: [WinError 10061] No connection could be made because the target machine actively refused it"))
[INFO] 2026-03-02 14:36:51 jobs sync_itemmaster_job:21 - [2026-03-02 09:06:51.217111+00:00] sync_itemmaster job completed successfully
[INFO] 2026-03-02 14:51:45 jobs sync_itemmaster_job:19 - [2026-03-02 09:21:45.617363+00:00] Starting sync_itemmaster job...
[INFO] 2026-03-02 14:51:47 jobs sync_itemmaster_job:19 - [2026-03-02 09:21:47.112337+00:00] Starting sync_itemmaster job...
[ERROR] 2026-03-02 14:51:49 sync_itemmaster handle:90 - ERP connection error during sync: HTTPConnectionPool(host='localhost', port=44000): Max retries exceeded with url: /ws_c2_services_get_master_data (Caused by NewConnectionError("HTTPConnection(host='localhost', port=44000): Failed to establish a new connection: [WinError 10061] No connection could be made because the target machine actively refused it"))
[INFO] 2026-03-02 14:51:49 jobs sync_itemmaster_job:21 - [2026-03-02 09:21:49.765604+00:00] sync_itemmaster job completed successfully
[ERROR] 2026-03-02 14:51:51 sync_itemmaster handle:90 - ERP connection error during sync: HTTPConnectionPool(host='localhost', port=44000): Max retries exceeded with url: /ws_c2_services_get_master_data (Caused by NewConnectionError("HTTPConnection(host='localhost', port=44000): Failed to establish a new connection: [WinError 10061] No connection could be made because the target machine actively refused it"))
[INFO] 2026-03-02 14:51:51 jobs sync_itemmaster_job:21 - [2026-03-02 09:21:51.245787+00:00] sync_itemmaster job completed successfully
[INFO] 2026-03-02 15:06:45 jobs sync_itemmaster_job:19 - [2026-03-02 09:36:45.650040+00:00] Starting sync_itemmaster job...
[INFO] 2026-03-02 15:06:47 jobs sync_itemmaster_job:19 - [2026-03-02 09:36:47.138791+00:00] Starting sync_itemmaster job...
[ERROR] 2026-03-02 15:06:49 sync_itemmaster handle:90 - ERP connection error during sync: HTTPConnectionPool(host='localhost', port=44000): Max retries exceeded with url: /ws_c2_services_get_master_data (Caused by NewConnectionError("HTTPConnection(host='localhost', port=44000): Failed to establish a new connection: [WinError 10061] No connection could be made because the target machine actively refused it"))
[INFO] 2026-03-02 15:06:49 jobs sync_itemmaster_job:21 - [2026-03-02 09:36:49.806840+00:00] sync_itemmaster job completed successfully
[ERROR] 2026-03-02 15:06:51 sync_itemmaster handle:90 - ERP connection error during sync: HTTPConnectionPool(host='localhost', port=44000): Max retries exceeded with url: /ws_c2_services_get_master_data (Caused by NewConnectionError("HTTPConnection(host='localhost', port=44000): Failed to establish a new connection: [WinError 10061] No connection could be made because the target machine actively refused it"))
[INFO] 2026-03-02 15:06:51 jobs sync_itemmaster_job:21 - [2026-03-02 09:36:51.290315+00:00] sync_itemmaster job completed successfully
[INFO] 2026-03-02 15:21:45 jobs sync_itemmaster_job:19 - [2026-03-02 09:51:45.627066+00:00] Starting sync_itemmaster job...
[INFO] 2026-03-02 15:21:47 jobs sync_itemmaster_job:19 - [2026-03-02 09:51:47.130456+00:00] Starting sync_itemmaster job...
[ERROR] 2026-03-02 15:21:49 sync_itemmaster handle:90 - ERP connection error during sync: HTTPConnectionPool(host='localhost', port=44000): Max retries exceeded with url: /ws_c2_services_get_master_data (Caused by NewConnectionError("HTTPConnection(host='localhost', port=44000): Failed to establish a new connection: [WinError 10061] No connection could be made because the target machine actively refused it"))
[INFO] 2026-03-02 15:21:49 jobs sync_itemmaster_job:21 - [2026-03-02 09:51:49.762798+00:00] sync_itemmaster job completed successfully
[ERROR] 2026-03-02 15:21:51 sync_itemmaster handle:90 - ERP connection error during sync: HTTPConnectionPool(host='localhost', port=44000): Max retries exceeded with url: /ws_c2_services_get_master_data (Caused by NewConnectionError("HTTPConnection(host='localhost', port=44000): Failed to establish a new connection: [WinError 10061] No connection could be made because the target machine actively refused it"))
[INFO] 2026-03-02 15:21:51 jobs sync_itemmaster_job:21 - [2026-03-02 09:51:51.231126+00:00] sync_itemmaster job completed successfully
[INFO] 2026-03-02 15:36:45 jobs sync_itemmaster_job:19 - [2026-03-02 10:06:45.635072+00:00] Starting sync_itemmaster job...
[INFO] 2026-03-02 15:36:47 jobs sync_itemmaster_job:19 - [2026-03-02 10:06:47.138995+00:00] Starting sync_itemmaster job...
[ERROR] 2026-03-02 15:36:50 sync_itemmaster handle:90 - ERP connection error during sync: HTTPConnectionPool(host='localhost', port=44000): Max retries exceeded with url: /ws_c2_services_get_master_data (Caused by NewConnectionError("HTTPConnection(host='localhost', port=44000): Failed to establish a new connection: [WinError 10061] No connection could be made because the target machine actively refused it"))
[INFO] 2026-03-02 15:36:50 jobs sync_itemmaster_job:21 - [2026-03-02 10:06:50.515912+00:00] sync_itemmaster job completed successfully
[ERROR] 2026-03-02 15:36:51 sync_itemmaster handle:90 - ERP connection error during sync: HTTPConnectionPool(host='localhost', port=44000): Max retries exceeded with url: /ws_c2_services_get_master_data (Caused by NewConnectionError("HTTPConnection(host='localhost', port=44000): Failed to establish a new connection: [WinError 10061] No connection could be made because the target machine actively refused it"))
[INFO] 2026-03-02 15:36:51 jobs sync_itemmaster_job:21 - [2026-03-02 10:06:51.287506+00:00] sync_itemmaster job completed successfully
[INFO] 2026-03-02 15:48:00 apps ready:35 - [OK] APScheduler started - sync_itemmaster will run every 15 minutes
[INFO] 2026-03-02 15:48:01 apps ready:35 - [OK] APScheduler started - sync_itemmaster will run every 15 minutes
[INFO] 2026-03-02 15:49:24 apps ready:35 - [OK] APScheduler started - sync_itemmaster will run every 15 minutes
[INFO] 2026-03-02 15:49:25 apps ready:35 - [OK] APScheduler started - sync_itemmaster will run every 15 minutes
[INFO] 2026-03-02 15:52:43 apps ready:35 - [OK] APScheduler started - sync_itemmaster will run every 15 minutes
[INFO] 2026-03-02 15:52:44 apps ready:35 - [OK] APScheduler started - sync_itemmaster will run every 15 minutes
[INFO] 2026-03-02 15:57:43 apps ready:35 - [OK] APScheduler started - sync_itemmaster will run every 15 minutes
[INFO] 2026-03-02 15:57:44 apps ready:35 - [OK] APScheduler started - sync_itemmaster will run every 15 minutes
[INFO] 2026-03-02 16:12:43 jobs sync_itemmaster_job:19 - [2026-03-02 10:42:43.468030+00:00] Starting sync_itemmaster job...
[INFO] 2026-03-02 16:12:44 jobs sync_itemmaster_job:19 - [2026-03-02 10:42:44.637327+00:00] Starting sync_itemmaster job...
[ERROR] 2026-03-02 16:12:48 sync_itemmaster handle:90 - ERP connection error during sync: HTTPConnectionPool(host='localhost', port=44000): Max retries exceeded with url: /ws_c2_services_get_master_data (Caused by NewConnectionError("HTTPConnection(host='localhost', port=44000): Failed to establish a new connection: [WinError 10061] No connection could be made because the target machine actively refused it"))
[INFO] 2026-03-02 16:12:48 jobs sync_itemmaster_job:21 - [2026-03-02 10:42:48.092839+00:00] sync_itemmaster job completed successfully
[ERROR] 2026-03-02 16:12:48 sync_itemmaster handle:90 - ERP connection error during sync: HTTPConnectionPool(host='localhost', port=44000): Max retries exceeded with url: /ws_c2_services_get_master_data (Caused by NewConnectionError("HTTPConnection(host='localhost', port=44000): Failed to establish a new connection: [WinError 10061] No connection could be made because the target machine actively refused it"))
[INFO] 2026-03-02 16:12:48 jobs sync_itemmaster_job:21 - [2026-03-02 10:42:48.873874+00:00] sync_itemmaster job completed successfully
[INFO] 2026-03-02 16:27:43 jobs sync_itemmaster_job:19 - [2026-03-02 10:57:43.446960+00:00] Starting sync_itemmaster job...
[INFO] 2026-03-02 16:27:44 jobs sync_itemmaster_job:19 - [2026-03-02 10:57:44.591538+00:00] Starting sync_itemmaster job...
[ERROR] 2026-03-02 16:27:47 sync_itemmaster handle:90 - ERP connection error during sync: HTTPConnectionPool(host='localhost', port=44000): Max retries exceeded with url: /ws_c2_services_get_master_data (Caused by NewConnectionError("HTTPConnection(host='localhost', port=44000): Failed to establish a new connection: [WinError 10061] No connection could be made because the target machine actively refused it"))
[INFO] 2026-03-02 16:27:47 jobs sync_itemmaster_job:21 - [2026-03-02 10:57:47.611539+00:00] sync_itemmaster job completed successfully
[ERROR] 2026-03-02 16:27:48 sync_itemmaster handle:90 - ERP connection error during sync: HTTPConnectionPool(host='localhost', port=44000): Max retries exceeded with url: /ws_c2_services_get_master_data (Caused by NewConnectionError("HTTPConnection(host='localhost', port=44000): Failed to establish a new connection: [WinError 10061] No connection could be made because the target machine actively refused it"))
[INFO] 2026-03-02 16:27:48 jobs sync_itemmaster_job:21 - [2026-03-02 10:57:48.725662+00:00] sync_itemmaster job completed successfully
[INFO] 2026-03-02 16:42:43 jobs sync_itemmaster_job:19 - [2026-03-02 11:12:43.446431+00:00] Starting sync_itemmaster job...
[INFO] 2026-03-02 16:42:44 jobs sync_itemmaster_job:19 - [2026-03-02 11:12:44.664540+00:00] Starting sync_itemmaster job...
[ERROR] 2026-03-02 16:42:47 sync_itemmaster handle:90 - ERP connection error during sync: HTTPConnectionPool(host='localhost', port=44000): Max retries exceeded with url: /ws_c2_services_get_master_data (Caused by NewConnectionError("HTTPConnection(host='localhost', port=44000): Failed to establish a new connection: [WinError 10061] No connection could be made because the target machine actively refused it"))
[INFO] 2026-03-02 16:42:47 jobs sync_itemmaster_job:21 - [2026-03-02 11:12:47.652562+00:00] sync_itemmaster job completed successfully
[ERROR] 2026-03-02 16:42:48 sync_itemmaster handle:90 - ERP connection error during sync: HTTPConnectionPool(host='localhost', port=44000): Max retries exceeded with url: /ws_c2_services_get_master_data (Caused by NewConnectionError("HTTPConnection(host='localhost', port=44000): Failed to establish a new connection: [WinError 10061] No connection could be made because the target machine actively refused it"))
[INFO] 2026-03-02 16:42:48 jobs sync_itemmaster_job:21 - [2026-03-02 11:12:48.875844+00:00] sync_itemmaster job completed successfully
[INFO] 2026-03-02 16:57:43 jobs sync_itemmaster_job:19 - [2026-03-02 11:27:43.368182+00:00] Starting sync_itemmaster job...
[INFO] 2026-03-02 16:57:44 jobs sync_itemmaster_job:19 - [2026-03-02 11:27:44.574949+00:00] Starting sync_itemmaster job...
[ERROR] 2026-03-02 16:57:47 sync_itemmaster handle:90 - ERP connection error during sync: HTTPConnectionPool(host='localhost', port=44000): Max retries exceeded with url: /ws_c2_services_get_master_data (Caused by NewConnectionError("HTTPConnection(host='localhost', port=44000): Failed to establish a new connection: [WinError 10061] No connection could be made because the target machine actively refused it"))
[INFO] 2026-03-02 16:57:47 jobs sync_itemmaster_job:21 - [2026-03-02 11:27:47.499041+00:00] sync_itemmaster job completed successfully
[ERROR] 2026-03-02 16:57:48 sync_itemmaster handle:90 - ERP connection error during sync: HTTPConnectionPool(host='localhost', port=44000): Max retries exceeded with url: /ws_c2_services_get_master_data (Caused by NewConnectionError("HTTPConnection(host='localhost', port=44000): Failed to establish a new connection: [WinError 10061] No connection could be made because the target machine actively refused it"))
[INFO] 2026-03-02 16:57:48 jobs sync_itemmaster_job:21 - [2026-03-02 11:27:48.699311+00:00] sync_itemmaster job completed successfully
[INFO] 2026-03-02 17:12:43 jobs sync_itemmaster_job:19 - [2026-03-02 11:42:43.331530+00:00] Starting sync_itemmaster job...
[INFO] 2026-03-02 17:12:44 jobs sync_itemmaster_job:19 - [2026-03-02 11:42:44.557243+00:00] Starting sync_itemmaster job...
[ERROR] 2026-03-02 17:12:47 sync_itemmaster handle:90 - ERP connection error during sync: HTTPConnectionPool(host='localhost', port=44000): Max retries exceeded with url: /ws_c2_services_get_master_data (Caused by NewConnectionError("HTTPConnection(host='localhost', port=44000): Failed to establish a new connection: [WinError 10061] No connection could be made because the target machine actively refused it"))
[INFO] 2026-03-02 17:12:47 jobs sync_itemmaster_job:21 - [2026-03-02 11:42:47.441342+00:00] sync_itemmaster job completed successfully
[ERROR] 2026-03-02 17:12:48 sync_itemmaster handle:90 - ERP connection error during sync: HTTPConnectionPool(host='localhost', port=44000): Max retries exceeded with url: /ws_c2_services_get_master_data (Caused by NewConnectionError("HTTPConnection(host='localhost', port=44000): Failed to establish a new connection: [WinError 10061] No connection could be made because the target machine actively refused it"))
[INFO] 2026-03-02 17:12:48 jobs sync_itemmaster_job:21 - [2026-03-02 11:42:48.686445+00:00] sync_itemmaster job completed successfully
[INFO] 2026-03-02 17:27:43 jobs sync_itemmaster_job:19 - [2026-03-02 11:57:43.396382+00:00] Starting sync_itemmaster job...
[INFO] 2026-03-02 17:27:44 jobs sync_itemmaster_job:19 - [2026-03-02 11:57:44.581556+00:00] Starting sync_itemmaster job...
[ERROR] 2026-03-02 17:27:47 sync_itemmaster handle:90 - ERP connection error during sync: HTTPConnectionPool(host='localhost', port=44000): Max retries exceeded with url: /ws_c2_services_get_master_data (Caused by NewConnectionError("HTTPConnection(host='localhost', port=44000): Failed to establish a new connection: [WinError 10061] No connection could be made because the target machine actively refused it"))
[INFO] 2026-03-02 17:27:47 jobs sync_itemmaster_job:21 - [2026-03-02 11:57:47.560571+00:00] sync_itemmaster job completed successfully
[ERROR] 2026-03-02 17:27:48 sync_itemmaster handle:90 - ERP connection error during sync: HTTPConnectionPool(host='localhost', port=44000): Max retries exceeded with url: /ws_c2_services_get_master_data (Caused by NewConnectionError("HTTPConnection(host='localhost', port=44000): Failed to establish a new connection: [WinError 10061] No connection could be made because the target machine actively refused it"))
[INFO] 2026-03-02 17:27:48 jobs sync_itemmaster_job:21 - [2026-03-02 11:57:48.697369+00:00] sync_itemmaster job completed successfully
[INFO] 2026-03-02 17:42:43 jobs sync_itemmaster_job:19 - [2026-03-02 12:12:43.391898+00:00] Starting sync_itemmaster job...
[INFO] 2026-03-02 17:42:44 jobs sync_itemmaster_job:19 - [2026-03-02 12:12:44.580627+00:00] Starting sync_itemmaster job...
[ERROR] 2026-03-02 17:42:47 sync_itemmaster handle:90 - ERP connection error during sync: HTTPConnectionPool(host='localhost', port=44000): Max retries exceeded with url: /ws_c2_services_get_master_data (Caused by NewConnectionError("HTTPConnection(host='localhost', port=44000): Failed to establish a new connection: [WinError 10061] No connection could be made because the target machine actively refused it"))
[INFO] 2026-03-02 17:42:47 jobs sync_itemmaster_job:21 - [2026-03-02 12:12:47.534153+00:00] sync_itemmaster job completed successfully
[ERROR] 2026-03-02 17:42:48 sync_itemmaster handle:90 - ERP connection error during sync: HTTPConnectionPool(host='localhost', port=44000): Max retries exceeded with url: /ws_c2_services_get_master_data (Caused by NewConnectionError("HTTPConnection(host='localhost', port=44000): Failed to establish a new connection: [WinError 10061] No connection could be made because the target machine actively refused it"))
[INFO] 2026-03-02 17:42:48 jobs sync_itemmaster_job:21 - [2026-03-02 12:12:48.722752+00:00] sync_itemmaster job completed successfully
[INFO] 2026-03-02 17:57:43 jobs sync_itemmaster_job:19 - [2026-03-02 12:27:43.381850+00:00] Starting sync_itemmaster job...
[INFO] 2026-03-02 17:57:44 jobs sync_itemmaster_job:19 - [2026-03-02 12:27:44.588672+00:00] Starting sync_itemmaster job...
[ERROR] 2026-03-02 17:57:47 sync_itemmaster handle:90 - ERP connection error during sync: HTTPConnectionPool(host='localhost', port=44000): Max retries exceeded with url: /ws_c2_services_get_master_data (Caused by NewConnectionError("HTTPConnection(host='localhost', port=44000): Failed to establish a new connection: [WinError 10061] No connection could be made because the target machine actively refused it"))
[INFO] 2026-03-02 17:57:47 jobs sync_itemmaster_job:21 - [2026-03-02 12:27:47.551943+00:00] sync_itemmaster job completed successfully
[ERROR] 2026-03-02 17:57:48 sync_itemmaster handle:90 - ERP connection error during sync: HTTPConnectionPool(host='localhost', port=44000): Max retries exceeded with url: /ws_c2_services_get_master_data (Caused by NewConnectionError("HTTPConnection(host='localhost', port=44000): Failed to establish a new connection: [WinError 10061] No connection could be made because the target machine actively refused it"))
[INFO] 2026-03-02 17:57:48 jobs sync_itemmaster_job:21 - [2026-03-02 12:27:48.753587+00:00] sync_itemmaster job completed successfully
[INFO] 2026-03-02 18:12:43 jobs sync_itemmaster_job:19 - [2026-03-02 12:42:43.396903+00:00] Starting sync_itemmaster job...
[INFO] 2026-03-02 18:12:44 jobs sync_itemmaster_job:19 - [2026-03-02 12:42:44.601174+00:00] Starting sync_itemmaster job...
[ERROR] 2026-03-02 18:12:47 sync_itemmaster handle:90 - ERP connection error during sync: HTTPConnectionPool(host='localhost', port=44000): Max retries exceeded with url: /ws_c2_services_get_master_data (Caused by NewConnectionError("HTTPConnection(host='localhost', port=44000): Failed to establish a new connection: [WinError 10061] No connection could be made because the target machine actively refused it"))
[INFO] 2026-03-02 18:12:47 jobs sync_itemmaster_job:21 - [2026-03-02 12:42:47.542404+00:00] sync_itemmaster job completed successfully
[ERROR] 2026-03-02 18:12:48 sync_itemmaster handle:90 - ERP connection error during sync: HTTPConnectionPool(host='localhost', port=44000): Max retries exceeded with url: /ws_c2_services_get_master_data (Caused by NewConnectionError("HTTPConnection(host='localhost', port=44000): Failed to establish a new connection: [WinError 10061] No connection could be made because the target machine actively refused it"))
[INFO] 2026-03-02 18:12:48 jobs sync_itemmaster_job:21 - [2026-03-02 12:42:48.720145+00:00] sync_itemmaster job completed successfully
[INFO] 2026-03-03 09:49:07 apps ready:35 - [OK] APScheduler started - sync_itemmaster will run every 15 minutes
[INFO] 2026-03-03 09:49:08 apps ready:35 - [OK] APScheduler started - sync_itemmaster will run every 15 minutes
[INFO] 2026-03-03 09:56:01 apps ready:35 - [OK] APScheduler started - sync_itemmaster will run every 15 minutes
[INFO] 2026-03-03 09:56:03 apps ready:35 - [OK] APScheduler started - sync_itemmaster will run every 15 minutes
[INFO] 2026-03-03 10:50:13 apps ready:35 - [OK] APScheduler started - sync_itemmaster will run every 15 minutes
[INFO] 2026-03-03 10:50:16 apps ready:35 - [OK] APScheduler started - sync_itemmaster will run every 15 minutes
[INFO] 2026-03-03 11:20:13 jobs sync_itemmaster_job:19 - [2026-03-03 05:50:13.287731+00:00] Starting sync_itemmaster job...
[INFO] 2026-03-03 11:20:16 jobs sync_itemmaster_job:19 - [2026-03-03 05:50:16.115557+00:00] Starting sync_itemmaster job...
[ERROR] 2026-03-03 11:20:18 sync_itemmaster handle:90 - ERP connection error during sync: HTTPConnectionPool(host='localhost', port=44000): Max retries exceeded with url: /ws_c2_services_get_master_data (Caused by NewConnectionError("HTTPConnection(host='localhost', port=44000): Failed to establish a new connection: [WinError 10061] No connection could be made because the target machine actively refused it"))
[INFO] 2026-03-03 11:20:18 jobs sync_itemmaster_job:21 - [2026-03-03 05:50:18.377615+00:00] sync_itemmaster job completed successfully
[ERROR] 2026-03-03 11:20:20 sync_itemmaster handle:90 - ERP connection error during sync: HTTPConnectionPool(host='localhost', port=44000): Max retries exceeded with url: /ws_c2_services_get_master_data (Caused by NewConnectionError("HTTPConnection(host='localhost', port=44000): Failed to establish a new connection: [WinError 10061] No connection could be made because the target machine actively refused it"))
[INFO] 2026-03-03 11:20:20 jobs sync_itemmaster_job:21 - [2026-03-03 05:50:20.365958+00:00] sync_itemmaster job completed successfully
[INFO] 2026-03-03 11:31:59 apps ready:35 - [OK] APScheduler started - sync_itemmaster will run every 15 minutes
[INFO] 2026-03-03 11:33:26 apps ready:35 - [OK] APScheduler started - sync_itemmaster will run every 15 minutes
[INFO] 2026-03-03 11:42:12 apps ready:35 - [OK] APScheduler started - sync_itemmaster will run every 15 minutes
[INFO] 2026-03-03 11:42:21 apps ready:35 - [OK] APScheduler started - sync_itemmaster will run every 15 minutes
[INFO] 2026-03-03 11:43:11 apps ready:35 - [OK] APScheduler started - sync_itemmaster will run every 15 minutes
[INFO] 2026-03-03 11:43:18 apps ready:35 - [OK] APScheduler started - sync_itemmaster will run every 15 minutes
[INFO] 2026-03-03 11:44:33 apps ready:35 - [OK] APScheduler started - sync_itemmaster will run every 15 minutes
[INFO] 2026-03-03 11:50:13 jobs sync_itemmaster_job:19 - [2026-03-03 06:20:13.224382+00:00] Starting sync_itemmaster job...
[ERROR] 2026-03-03 11:50:17 sync_itemmaster handle:90 - ERP connection error during sync: HTTPConnectionPool(host='localhost', port=44000): Max retries exceeded with url: /ws_c2_services_get_master_data (Caused by NewConnectionError("HTTPConnection(host='localhost', port=44000): Failed to establish a new connection: [WinError 10061] No connection could be made because the target machine actively refused it"))
[INFO] 2026-03-03 11:50:17 jobs sync_itemmaster_job:21 - [2026-03-03 06:20:17.377584+00:00] sync_itemmaster job completed successfully
[INFO] 2026-03-03 11:56:13 apps ready:35 - [OK] APScheduler started - sync_itemmaster will run every 15 minutes
[INFO] 2026-03-03 11:57:20 apps ready:35 - [OK] APScheduler started - sync_itemmaster will run every 15 minutes
[INFO] 2026-03-03 12:05:13 jobs sync_itemmaster_job:19 - [2026-03-03 06:35:13.246919+00:00] Starting sync_itemmaster job...
[ERROR] 2026-03-03 12:05:17 sync_itemmaster handle:90 - ERP connection error during sync: HTTPConnectionPool(host='localhost', port=44000): Max retries exceeded with url: /ws_c2_services_get_master_data (Caused by NewConnectionError("HTTPConnection(host='localhost', port=44000): Failed to establish a new connection: [WinError 10061] No connection could be made because the target machine actively refused it"))
[INFO] 2026-03-03 12:05:17 jobs sync_itemmaster_job:21 - [2026-03-03 06:35:17.332557+00:00] sync_itemmaster job completed successfully
[INFO] 2026-03-03 12:12:20 jobs sync_itemmaster_job:19 - [2026-03-03 06:42:20.561041+00:00] Starting sync_itemmaster job...
[ERROR] 2026-03-03 12:12:24 sync_itemmaster handle:90 - ERP connection error during sync: HTTPConnectionPool(host='localhost', port=44000): Max retries exceeded with url: /ws_c2_services_get_master_data (Caused by NewConnectionError("HTTPConnection(host='localhost', port=44000): Failed to establish a new connection: [WinError 10061] No connection could be made because the target machine actively refused it"))
[INFO] 2026-03-03 12:12:24 jobs sync_itemmaster_job:21 - [2026-03-03 06:42:24.859582+00:00] sync_itemmaster job completed successfully
[INFO] 2026-03-03 12:50:13 jobs sync_itemmaster_job:19 - [2026-03-03 07:20:13.214625+00:00] Starting sync_itemmaster job...
[ERROR] 2026-03-03 12:50:17 sync_itemmaster handle:90 - ERP connection error during sync: HTTPConnectionPool(host='localhost', port=44000): Max retries exceeded with url: /ws_c2_services_get_master_data (Caused by NewConnectionError("HTTPConnection(host='localhost', port=44000): Failed to establish a new connection: [WinError 10061] No connection could be made because the target machine actively refused it"))
[INFO] 2026-03-03 12:50:17 jobs sync_itemmaster_job:21 - [2026-03-03 07:20:17.333780+00:00] sync_itemmaster job completed successfully
[INFO] 2026-03-03 12:57:20 jobs sync_itemmaster_job:19 - [2026-03-03 07:27:20.477808+00:00] Starting sync_itemmaster job...
[ERROR] 2026-03-03 12:57:24 sync_itemmaster handle:90 - ERP connection error during sync: HTTPConnectionPool(host='localhost', port=44000): Max retries exceeded with url: /ws_c2_services_get_master_data (Caused by NewConnectionError("HTTPConnection(host='localhost', port=44000): Failed to establish a new connection: [WinError 10061] No connection could be made because the target machine actively refused it"))
[INFO] 2026-03-03 12:57:24 jobs sync_itemmaster_job:21 - [2026-03-03 07:27:24.718869+00:00] sync_itemmaster job completed successfully
[INFO] 2026-03-03 13:05:13 jobs sync_itemmaster_job:19 - [2026-03-03 07:35:13.254330+00:00] Starting sync_itemmaster job...
[ERROR] 2026-03-03 13:05:17 sync_itemmaster handle:90 - ERP connection error during sync: HTTPConnectionPool(host='localhost', port=44000): Max retries exceeded with url: /ws_c2_services_get_master_data (Caused by NewConnectionError("HTTPConnection(host='localhost', port=44000): Failed to establish a new connection: [WinError 10061] No connection could be made because the target machine actively refused it"))
[INFO] 2026-03-03 13:05:17 jobs sync_itemmaster_job:21 - [2026-03-03 07:35:17.383660+00:00] sync_itemmaster job completed successfully
[INFO] 2026-03-03 13:44:11 apps ready:35 - [OK] APScheduler started - sync_itemmaster will run every 15 minutes
[INFO] 2026-03-03 13:44:12 apps ready:35 - [OK] APScheduler started - sync_itemmaster will run every 15 minutes
[INFO] 2026-03-03 13:59:11 jobs sync_itemmaster_job:19 - [2026-03-03 08:29:11.200402+00:00] Starting sync_itemmaster job...
[INFO] 2026-03-03 13:59:12 jobs sync_itemmaster_job:19 - [2026-03-03 08:29:12.381532+00:00] Starting sync_itemmaster job...
[ERROR] 2026-03-03 13:59:15 sync_itemmaster handle:90 - ERP connection error during sync: HTTPConnectionPool(host='localhost', port=44000): Max retries exceeded with url: /ws_c2_services_get_master_data (Caused by NewConnectionError("HTTPConnection(host='localhost', port=44000): Failed to establish a new connection: [WinError 10061] No connection could be made because the target machine actively refused it"))
[INFO] 2026-03-03 13:59:15 jobs sync_itemmaster_job:21 - [2026-03-03 08:29:15.605519+00:00] sync_itemmaster job completed successfully
[ERROR] 2026-03-03 13:59:16 sync_itemmaster handle:90 - ERP connection error during sync: HTTPConnectionPool(host='localhost', port=44000): Max retries exceeded with url: /ws_c2_services_get_master_data (Caused by NewConnectionError("HTTPConnection(host='localhost', port=44000): Failed to establish a new connection: [WinError 10061] No connection could be made because the target machine actively refused it"))
[INFO] 2026-03-03 13:59:16 jobs sync_itemmaster_job:21 - [2026-03-03 08:29:16.592527+00:00] sync_itemmaster job completed successfully
[INFO] 2026-03-03 14:14:11 jobs sync_itemmaster_job:19 - [2026-03-03 08:44:11.113966+00:00] Starting sync_itemmaster job...
[INFO] 2026-03-03 14:14:12 jobs sync_itemmaster_job:19 - [2026-03-03 08:44:12.319781+00:00] Starting sync_itemmaster job...
[ERROR] 2026-03-03 14:14:15 sync_itemmaster handle:90 - ERP connection error during sync: HTTPConnectionPool(host='localhost', port=44000): Max retries exceeded with url: /ws_c2_services_get_master_data (Caused by NewConnectionError("HTTPConnection(host='localhost', port=44000): Failed to establish a new connection: [WinError 10061] No connection could be made because the target machine actively refused it"))
[INFO] 2026-03-03 14:14:15 jobs sync_itemmaster_job:21 - [2026-03-03 08:44:15.252817+00:00] sync_itemmaster job completed successfully
[ERROR] 2026-03-03 14:14:16 sync_itemmaster handle:90 - ERP connection error during sync: HTTPConnectionPool(host='localhost', port=44000): Max retries exceeded with url: /ws_c2_services_get_master_data (Caused by NewConnectionError("HTTPConnection(host='localhost', port=44000): Failed to establish a new connection: [WinError 10061] No connection could be made because the target machine actively refused it"))
[INFO] 2026-03-03 14:14:16 jobs sync_itemmaster_job:21 - [2026-03-03 08:44:16.417893+00:00] sync_itemmaster job completed successfully
[INFO] 2026-03-03 14:20:25 apps ready:35 - [OK] APScheduler started - sync_itemmaster will run every 15 minutes
[INFO] 2026-03-03 14:20:26 apps ready:35 - [OK] APScheduler started - sync_itemmaster will run every 15 minutes
[INFO] 2026-03-03 14:22:50 apps ready:35 - [OK] APScheduler started - sync_itemmaster will run every 15 minutes
[INFO] 2026-03-03 14:22:51 apps ready:35 - [OK] APScheduler started - sync_itemmaster will run every 15 minutes
[INFO] 2026-03-03 15:51:36 apps ready:35 - [OK] APScheduler started - sync_itemmaster will run every 15 minutes
[INFO] 2026-03-03 15:51:56 apps ready:35 - [OK] APScheduler started - sync_itemmaster will run every 15 minutes
[INFO] 2026-03-03 15:52:17 apps ready:35 - [OK] APScheduler started - sync_itemmaster will run every 15 minutes
[INFO] 2026-03-03 15:52:50 jobs sync_itemmaster_job:19 - [2026-03-03 10:22:50.915657+00:00] Starting sync_itemmaster job...
[INFO] 2026-03-03 15:52:51 apps ready:35 - [OK] APScheduler started - sync_itemmaster will run every 15 minutes
[ERROR] 2026-03-03 15:52:55 sync_itemmaster handle:90 - ERP connection error during sync: HTTPConnectionPool(host='localhost', port=44000): Max retries exceeded with url: /ws_c2_services_get_master_data (Caused by NewConnectionError("HTTPConnection(host='localhost', port=44000): Failed to establish a new connection: [WinError 10061] No connection could be made because the target machine actively refused it"))
[INFO] 2026-03-03 15:52:55 jobs sync_itemmaster_job:21 - [2026-03-03 10:22:55.341942+00:00] sync_itemmaster job completed successfully
[INFO] 2026-03-03 15:52:57 apps ready:35 - [OK] APScheduler started - sync_itemmaster will run every 15 minutes
[INFO] 2026-03-03 15:53:35 apps ready:35 - [OK] APScheduler started - sync_itemmaster will run every 15 minutes
[INFO] 2026-03-03 15:53:44 apps ready:35 - [OK] APScheduler started - sync_itemmaster will run every 15 minutes
[INFO] 2026-03-03 15:54:22 apps ready:35 - [OK] APScheduler started - sync_itemmaster will run every 15 minutes
[ERROR] 2026-03-03 15:54:57 views fetch_item_from_erp:2152 - Error fetching from ERP: HTTPConnectionPool(host='localhost', port=44000): Max retries exceeded with url: /ws_c2_services_get_master_data?apiKey=MDNDMDAwXjIwMjYtMDMtMDMgMDU6NDc6MTIuMzA3ODcyKzAwOjAw (Caused by NewConnectionError("HTTPConnection(host='localhost', port=44000): Failed to establish a new connection: [WinError 10061] No connection could be made because the target machine actively refused it"))
[INFO] 2026-03-03 15:56:16 apps ready:35 - [OK] APScheduler started - sync_itemmaster will run every 15 minutes
[INFO] 2026-03-03 15:57:42 apps ready:35 - [OK] APScheduler started - sync_itemmaster will run every 15 minutes
[INFO] 2026-03-03 15:58:59 apps ready:35 - [OK] APScheduler started - sync_itemmaster will run every 15 minutes
[INFO] 2026-03-03 15:59:00 apps ready:35 - [OK] APScheduler started - sync_itemmaster will run every 15 minutes
[ERROR] 2026-03-03 15:59:09 views fetch_item_from_erp:2152 - Error fetching from ERP: HTTPConnectionPool(host='localhost', port=44000): Max retries exceeded with url: /ws_c2_services_get_master_data?apiKey=MDNDMDAwXjIwMjYtMDMtMDMgMDU6NDc6MTIuMzA3ODcyKzAwOjAw (Caused by NewConnectionError("HTTPConnection(host='localhost', port=44000): Failed to establish a new connection: [WinError 10061] No connection could be made because the target machine actively refused it"))
[WARNING] 2026-03-03 16:42:47 views post:1504 - User 86 tried to add unavailable item I00003 - Status: EXPIRED - Cannot Order
[INFO] 2026-03-03 16:44:05 views post:1541 - [CART_ADD] User: 86 (soorya) | Item: I00003 | Qty: 5 | Batch: DOLN096 | Total Items in Cart: 1
[INFO] 2026-03-03 16:45:15 views post:1541 - [CART_ADD] User: 86 (soorya) | Item: I00003 | Qty: 1 | Batch: DOLN096 | Total Items in Cart: 1
[INFO] 2026-03-03 16:45:40 views post:1541 - [CART_ADD] User: 86 (soorya) | Item: I00003 | Qty: 9 | Batch: DOLN096 | Total Items in Cart: 1
[INFO] 2026-03-04 11:13:48 apps ready:35 - [OK] APScheduler started - sync_itemmaster will run every 15 minutes
[INFO] 2026-03-04 11:13:49 apps ready:35 - [OK] APScheduler started - sync_itemmaster will run every 15 minutes
[INFO] 2026-03-04 11:21:34 apps ready:35 - [OK] APScheduler started - sync_itemmaster will run every 15 minutes
[INFO] 2026-03-04 11:23:04 apps ready:35 - [OK] APScheduler started - sync_itemmaster will run every 15 minutes
[INFO] 2026-03-04 11:28:48 jobs sync_itemmaster_job:19 - [2026-03-04 05:58:48.722593+00:00] Starting sync_itemmaster job...
[ERROR] 2026-03-04 11:28:53 sync_itemmaster handle:90 - ERP connection error during sync: HTTPConnectionPool(host='localhost', port=44000): Max retries exceeded with url: /ws_c2_services_get_master_data (Caused by NewConnectionError("HTTPConnection(host='localhost', port=44000): Failed to establish a new connection: [WinError 10061] No connection could be made because the target machine actively refused it"))
[INFO] 2026-03-04 11:28:53 jobs sync_itemmaster_job:21 - [2026-03-04 05:58:53.723148+00:00] sync_itemmaster job completed successfully
[INFO] 2026-03-04 11:53:04 jobs sync_itemmaster_job:19 - [2026-03-04 06:23:04.470681+00:00] Starting sync_itemmaster job...
[ERROR] 2026-03-04 11:53:08 sync_itemmaster handle:90 - ERP connection error during sync: HTTPConnectionPool(host='localhost', port=44000): Max retries exceeded with url: /ws_c2_services_get_master_data (Caused by NewConnectionError("HTTPConnection(host='localhost', port=44000): Failed to establish a new connection: [WinError 10061] No connection could be made because the target machine actively refused it"))
[INFO] 2026-03-04 11:53:08 jobs sync_itemmaster_job:21 - [2026-03-04 06:23:08.757656+00:00] sync_itemmaster job completed successfully
[INFO] 2026-03-04 11:54:03 apps ready:35 - [OK] APScheduler started - sync_itemmaster will run every 15 minutes
[INFO] 2026-03-04 11:56:07 apps ready:35 - [OK] APScheduler started - sync_itemmaster will run every 15 minutes
[INFO] 2026-03-04 11:58:48 jobs sync_itemmaster_job:19 - [2026-03-04 06:28:48.605612+00:00] Starting sync_itemmaster job...
[ERROR] 2026-03-04 11:58:52 sync_itemmaster handle:90 - ERP connection error during sync: HTTPConnectionPool(host='localhost', port=44000): Max retries exceeded with url: /ws_c2_services_get_master_data (Caused by NewConnectionError("HTTPConnection(host='localhost', port=44000): Failed to establish a new connection: [WinError 10061] No connection could be made because the target machine actively refused it"))
[INFO] 2026-03-04 11:58:52 jobs sync_itemmaster_job:21 - [2026-03-04 06:28:52.886846+00:00] sync_itemmaster job completed successfully
[INFO] 2026-03-04 13:56:07 jobs sync_itemmaster_job:19 - [2026-03-04 08:26:07.545317+00:00] Starting sync_itemmaster job...
[ERROR] 2026-03-04 13:56:11 sync_itemmaster handle:90 - ERP connection error during sync: HTTPConnectionPool(host='localhost', port=44000): Max retries exceeded with url: /ws_c2_services_get_master_data (Caused by NewConnectionError("HTTPConnection(host='localhost', port=44000): Failed to establish a new connection: [WinError 10061] No connection could be made because the target machine actively refused it"))
[INFO] 2026-03-04 13:56:11 jobs sync_itemmaster_job:21 - [2026-03-04 08:26:11.800330+00:00] sync_itemmaster job completed successfully
[INFO] 2026-03-04 13:58:48 jobs sync_itemmaster_job:19 - [2026-03-04 08:28:48.611420+00:00] Starting sync_itemmaster job...
[ERROR] 2026-03-04 13:58:52 sync_itemmaster handle:90 - ERP connection error during sync: HTTPConnectionPool(host='localhost', port=44000): Max retries exceeded with url: /ws_c2_services_get_master_data (Caused by NewConnectionError("HTTPConnection(host='localhost', port=44000): Failed to establish a new connection: [WinError 10061] No connection could be made because the target machine actively refused it"))
[INFO] 2026-03-04 13:58:52 jobs sync_itemmaster_job:21 - [2026-03-04 08:28:52.731339+00:00] sync_itemmaster job completed successfully
[INFO] 2026-03-04 14:26:07 jobs sync_itemmaster_job:19 - [2026-03-04 08:56:07.625994+00:00] Starting sync_itemmaster job...
[ERROR] 2026-03-04 14:26:11 sync_itemmaster handle:90 - ERP connection error during sync: HTTPConnectionPool(host='localhost', port=44000): Max retries exceeded with url: /ws_c2_services_get_master_data (Caused by NewConnectionError("HTTPConnection(host='localhost', port=44000): Failed to establish a new connection: [WinError 10061] No connection could be made because the target machine actively refused it"))
[INFO] 2026-03-04 14:26:11 jobs sync_itemmaster_job:21 - [2026-03-04 08:56:11.792361+00:00] sync_itemmaster job completed successfully
[INFO] 2026-03-04 14:28:48 jobs sync_itemmaster_job:19 - [2026-03-04 08:58:48.588636+00:00] Starting sync_itemmaster job...
[ERROR] 2026-03-04 14:28:52 sync_itemmaster handle:90 - ERP connection error during sync: HTTPConnectionPool(host='localhost', port=44000): Max retries exceeded with url: /ws_c2_services_get_master_data (Caused by NewConnectionError("HTTPConnection(host='localhost', port=44000): Failed to establish a new connection: [WinError 10061] No connection could be made because the target machine actively refused it"))
[INFO] 2026-03-04 14:28:52 jobs sync_itemmaster_job:21 - [2026-03-04 08:58:52.724824+00:00] sync_itemmaster job completed successfully
[INFO] 2026-03-04 14:41:07 jobs sync_itemmaster_job:19 - [2026-03-04 09:11:07.553988+00:00] Starting sync_itemmaster job...
[ERROR] 2026-03-04 14:41:11 sync_itemmaster handle:90 - ERP connection error during sync: HTTPConnectionPool(host='localhost', port=44000): Max retries exceeded with url: /ws_c2_services_get_master_data (Caused by NewConnectionError("HTTPConnection(host='localhost', port=44000): Failed to establish a new connection: [WinError 10061] No connection could be made because the target machine actively refused it"))
[INFO] 2026-03-04 14:41:11 jobs sync_itemmaster_job:21 - [2026-03-04 09:11:11.639339+00:00] sync_itemmaster job completed successfully
[INFO] 2026-03-04 14:43:48 jobs sync_itemmaster_job:19 - [2026-03-04 09:13:48.625889+00:00] Starting sync_itemmaster job...
[ERROR] 2026-03-04 14:43:52 sync_itemmaster handle:90 - ERP connection error during sync: HTTPConnectionPool(host='localhost', port=44000): Max retries exceeded with url: /ws_c2_services_get_master_data (Caused by NewConnectionError("HTTPConnection(host='localhost', port=44000): Failed to establish a new connection: [WinError 10061] No connection could be made because the target machine actively refused it"))
[INFO] 2026-03-04 14:43:52 jobs sync_itemmaster_job:21 - [2026-03-04 09:13:52.744924+00:00] sync_itemmaster job completed successfully
[INFO] 2026-03-04 14:56:04 apps ready:35 - [OK] APScheduler started - sync_itemmaster will run every 15 minutes
[INFO] 2026-03-04 15:05:00 apps ready:35 - [OK] APScheduler started - sync_itemmaster will run every 15 minutes
[INFO] 2026-03-04 15:05:02 apps ready:35 - [OK] APScheduler started - sync_itemmaster will run every 15 minutes
[INFO] 2026-03-04 15:05:24 apps ready:35 - [OK] APScheduler started - sync_itemmaster will run every 15 minutes
[INFO] 2026-03-04 15:05:25 apps ready:35 - [OK] APScheduler started - sync_itemmaster will run every 15 minutes
[INFO] 2026-03-04 15:07:13 apps ready:35 - [OK] APScheduler started - sync_itemmaster will run every 15 minutes
[INFO] 2026-03-04 15:07:14 apps ready:35 - [OK] APScheduler started - sync_itemmaster will run every 15 minutes
[INFO] 2026-03-04 15:07:22 apps ready:35 - [OK] APScheduler started - sync_itemmaster will run every 15 minutes
[INFO] 2026-03-04 15:08:45 apps ready:35 - [OK] APScheduler started - sync_itemmaster will run every 15 minutes
